<?xml version="1.0" encoding="UTF-8"?>
<!-- Generated by org.testng.reporters.JUnitReportReporter -->
<testsuite ignored="0" hostname="Achints-MacBook-Pro.local" failures="0" tests="1" name="com.experitest.auto.seetestioTest" time="19.001" errors="1" timestamp="14 Aug 2023 08:02:20 GMT" skipped="0">
  <testcase classname="com.experitest.auto.seetestioTest" name="quickStartiOSNativeDemo" time="19.001">
    <error message="unknown error (An unknown server-side error occurred. status=&#039;false&#039;. Failed to complete internal method: &#039;elementSendText args: [NATIVE, xpath=(//*[@name=&#039;usernameTextField&#039;])[1], 0, company]&#039;, details: Failed to send text to &#039;xpath=(//*[@name=&#039;usernameTextField&#039;])[1]&#039;: Cannot invoke &quot;com.experitest.image.ObjPosition.getSearchElement()&quot; because &quot;obj&quot; is null)  (WARNING: The server did not provide any stacktrace information)
Command duration or timeout: 0 milliseconds
Build info: version: &#039;3.12.0&#039;, revision: &#039;7c6e0b3&#039;, time: &#039;2018-05-08T14:04:26.12Z&#039;
System info: host: &#039;Achints-MacBook-Pro.local&#039;, ip: &#039;fe80:0:0:0:10e5:8759:4174:5d4c%en0&#039;, os.name: &#039;Mac OS X&#039;, os.arch: &#039;aarch64&#039;, os.version: &#039;13.5&#039;, java.version: &#039;17.0.7&#039;
Driver info: io.appium.java_client.ios.IOSDriver
Capabilities {app: cloud:com.experitest.Experi..., appBuildVersion: , appReleaseVersion: , appiumVersion: 1.8.0, applicationClearData: false, autoAcceptAlerts: false, autoDismissAlerts: false, autoGrantPermissions: false, autoWebview: false, automationName: XCUITest, bundleId: com.experitest.ExperiBank, cloudViewLink: https://us-1.seetest.io:443..., commandTimeouts: 120000, desired: {app: cloud:com.experitest.Experi..., bundleId: com.experitest.ExperiBank, deviceQuery: @os=&#039;ios&#039; and @serialnumber..., platformName: iOS, testName: Quick Start iOS Native Demo}, device.category: PHONE, device.majorVersion: 12, device.manufacture: Apple, device.model: iPhone XS, device.name: iPhone XS IO-US 074, device.os: iOS, device.screenSize: 1125x2436, device.serialNumber: 00008020-000E6C893C50003A, device.version: 12.4.1, deviceQuery: @os=&#039;ios&#039; and @serialnumber..., deviceUDID: 00008020-000E6C893C50003A, dontGoHomeOnQuit: false, dontStopAppOnReset: false, ehmPrefixUrl: /agent-6511663, ehmUrl: https://us-1.seetest.io:443..., fullReset: false, gridNodePort: 7786, install.only.for.update: false, installOnlyForUpdate: false, instrumentApp: false, javascriptEnabled: true, keystorePath: ~/.android/debug.keystore, locationServicesAuthorized: false, newSessionWaitTimeout: 600.0, noReset: false, platform: IOS, platformName: iOS, projectName: , reportDirectory: reports, reportFormat: xml, reportTestId: 259376.0, reportUrl: https://cloud.seetest.io:44..., reservationDuration: 240.0, takeScreenshots: true, test.type: Mobile, testName: Quick Start iOS Native Demo, udid: 00008020-000E6C893C50003A, useKeystore: false, waitForDeviceTimeout: 120000.0}
Session ID: CLOUD-SID:2023-08-14_08-01-09-8d6d8212-168e-4d86-a9e6-1669763d2b57" type="org.openqa.selenium.WebDriverException">
      <![CDATA[org.openqa.selenium.WebDriverException: unknown error (An unknown server-side error occurred. status='false'. Failed to complete internal method: 'elementSendText args: [NATIVE, xpath=(//*[@name='usernameTextField'])[1], 0, company]', details: Failed to send text to 'xpath=(//*[@name='usernameTextField'])[1]': Cannot invoke "com.experitest.image.ObjPosition.getSearchElement()" because "obj" is null)  (WARNING: The server did not provide any stacktrace information)
Command duration or timeout: 0 milliseconds
Build info: version: '3.12.0', revision: '7c6e0b3', time: '2018-05-08T14:04:26.12Z'
System info: host: 'Achints-MacBook-Pro.local', ip: 'fe80:0:0:0:10e5:8759:4174:5d4c%en0', os.name: 'Mac OS X', os.arch: 'aarch64', os.version: '13.5', java.version: '17.0.7'
Driver info: io.appium.java_client.ios.IOSDriver
Capabilities {app: cloud:com.experitest.Experi..., appBuildVersion: , appReleaseVersion: , appiumVersion: 1.8.0, applicationClearData: false, autoAcceptAlerts: false, autoDismissAlerts: false, autoGrantPermissions: false, autoWebview: false, automationName: XCUITest, bundleId: com.experitest.ExperiBank, cloudViewLink: https://us-1.seetest.io:443..., commandTimeouts: 120000, desired: {app: cloud:com.experitest.Experi..., bundleId: com.experitest.ExperiBank, deviceQuery: @os='ios' and @serialnumber..., platformName: iOS, testName: Quick Start iOS Native Demo}, device.category: PHONE, device.majorVersion: 12, device.manufacture: Apple, device.model: iPhone XS, device.name: iPhone XS IO-US 074, device.os: iOS, device.screenSize: 1125x2436, device.serialNumber: 00008020-000E6C893C50003A, device.version: 12.4.1, deviceQuery: @os='ios' and @serialnumber..., deviceUDID: 00008020-000E6C893C50003A, dontGoHomeOnQuit: false, dontStopAppOnReset: false, ehmPrefixUrl: /agent-6511663, ehmUrl: https://us-1.seetest.io:443..., fullReset: false, gridNodePort: 7786, install.only.for.update: false, installOnlyForUpdate: false, instrumentApp: false, javascriptEnabled: true, keystorePath: ~/.android/debug.keystore, locationServicesAuthorized: false, newSessionWaitTimeout: 600.0, noReset: false, platform: IOS, platformName: iOS, projectName: , reportDirectory: reports, reportFormat: xml, reportTestId: 259376.0, reportUrl: https://cloud.seetest.io:44..., reservationDuration: 240.0, takeScreenshots: true, test.type: Mobile, testName: Quick Start iOS Native Demo, udid: 00008020-000E6C893C50003A, useKeystore: false, waitForDeviceTimeout: 120000.0}
Session ID: CLOUD-SID:2023-08-14_08-01-09-8d6d8212-168e-4d86-a9e6-1669763d2b57
	at java.base/jdk.internal.reflect.NativeConstructorAccessorImpl.newInstance0(Native Method)
	at java.base/jdk.internal.reflect.NativeConstructorAccessorImpl.newInstance(NativeConstructorAccessorImpl.java:77)
	at java.base/jdk.internal.reflect.DelegatingConstructorAccessorImpl.newInstance(DelegatingConstructorAccessorImpl.java:45)
	at java.base/java.lang.reflect.Constructor.newInstanceWithCaller(Constructor.java:499)
	at java.base/java.lang.reflect.Constructor.newInstance(Constructor.java:480)
	at org.openqa.selenium.remote.ErrorHandler.createThrowable(ErrorHandler.java:214)
	at org.openqa.selenium.remote.ErrorHandler.throwIfResponseFailed(ErrorHandler.java:166)
	at org.openqa.selenium.remote.http.JsonHttpResponseCodec.reconstructValue(JsonHttpResponseCodec.java:40)
	at org.openqa.selenium.remote.http.AbstractHttpResponseCodec.decode(AbstractHttpResponseCodec.java:80)
	at org.openqa.selenium.remote.http.AbstractHttpResponseCodec.decode(AbstractHttpResponseCodec.java:44)
	at org.openqa.selenium.remote.HttpCommandExecutor.execute(HttpCommandExecutor.java:158)
	at io.appium.java_client.remote.AppiumCommandExecutor.execute(AppiumCommandExecutor.java:231)
	at org.openqa.selenium.remote.RemoteWebDriver.execute(RemoteWebDriver.java:543)
	at io.appium.java_client.DefaultGenericMobileDriver.execute(DefaultGenericMobileDriver.java:42)
	at io.appium.java_client.AppiumDriver.execute(AppiumDriver.java:1)
	at io.appium.java_client.ios.IOSDriver.execute(IOSDriver.java:1)
	at org.openqa.selenium.remote.RemoteWebElement.execute(RemoteWebElement.java:276)
	at io.appium.java_client.DefaultGenericMobileElement.execute(DefaultGenericMobileElement.java:45)
	at io.appium.java_client.MobileElement.execute(MobileElement.java:1)
	at io.appium.java_client.ios.IOSElement.execute(IOSElement.java:1)
	at org.openqa.selenium.remote.RemoteWebElement.sendKeys(RemoteWebElement.java:100)
	at com.experitest.auto.seetestioTest.quickStartiOSNativeDemo(seetestioTest.java:34)
	at java.base/jdk.internal.reflect.NativeMethodAccessorImpl.invoke0(Native Method)
	at java.base/jdk.internal.reflect.NativeMethodAccessorImpl.invoke(NativeMethodAccessorImpl.java:77)
	at java.base/jdk.internal.reflect.DelegatingMethodAccessorImpl.invoke(DelegatingMethodAccessorImpl.java:43)
	at java.base/java.lang.reflect.Method.invoke(Method.java:568)
	at org.testng.internal.MethodInvocationHelper.invokeMethod(MethodInvocationHelper.java:104)
	at org.testng.internal.Invoker.invokeMethod(Invoker.java:645)
	at org.testng.internal.Invoker.invokeTestMethod(Invoker.java:851)
	at org.testng.internal.Invoker.invokeTestMethods(Invoker.java:1177)
	at org.testng.internal.TestMethodWorker.invokeTestMethods(TestMethodWorker.java:129)
	at org.testng.internal.TestMethodWorker.run(TestMethodWorker.java:112)
	at org.testng.TestRunner.privateRun(TestRunner.java:756)
	at org.testng.TestRunner.run(TestRunner.java:610)
	at org.testng.SuiteRunner.runTest(SuiteRunner.java:387)
	at org.testng.SuiteRunner.runSequentially(SuiteRunner.java:382)
	at org.testng.SuiteRunner.privateRun(SuiteRunner.java:340)
	at org.testng.SuiteRunner.run(SuiteRunner.java:289)
	at org.testng.SuiteRunnerWorker.runSuite(SuiteRunnerWorker.java:52)
	at org.testng.SuiteRunnerWorker.run(SuiteRunnerWorker.java:86)
	at org.testng.TestNG.runSuitesSequentially(TestNG.java:1293)
	at org.testng.TestNG.runSuitesLocally(TestNG.java:1218)
	at org.testng.TestNG.runSuites(TestNG.java:1133)
	at org.testng.TestNG.run(TestNG.java:1104)
	at org.testng.remote.AbstractRemoteTestNG.run(AbstractRemoteTestNG.java:115)
	at org.testng.remote.RemoteTestNG.initAndRun(RemoteTestNG.java:251)
	at org.testng.remote.RemoteTestNG.main(RemoteTestNG.java:77)
]]>
    </error>
  </testcase> <!-- quickStartiOSNativeDemo -->
</testsuite> <!-- com.experitest.auto.seetestioTest -->
