<?xml version="1.0" encoding="UTF-8"?>
<!-- Generated by org.testng.reporters.JUnitReportReporter -->
<testsuite ignored="0" hostname="Achints-MacBook-Pro.local" failures="0" tests="1" name="com.experitest.auto.ADIBPICKERwheelnewapp" time="4.344" errors="1" timestamp="10 Aug 2023 11:32:00 GMT" skipped="0">
  <testcase classname="com.experitest.auto.ADIBPICKERwheelnewapp" name="quickStartiOSNativeDemo" time="4.344">
    <error message="no such element (An element could not be located on the page using the given search parameters (XPATH=&#039;//*[@class=&#039;_UITextLayoutCanvasView&#039;]&#039;))  (WARNING: The server did not provide any stacktrace information)
Command duration or timeout: 0 milliseconds
For documentation on this error, please visit: http://seleniumhq.org/exceptions/no_such_element.html
Build info: version: &#039;3.12.0&#039;, revision: &#039;7c6e0b3&#039;, time: &#039;2018-05-08T14:04:26.12Z&#039;
System info: host: &#039;Achints-MacBook-Pro.local&#039;, ip: &#039;fe80:0:0:0:ee:60ce:11e6:c42e%en0&#039;, os.name: &#039;Mac OS X&#039;, os.arch: &#039;aarch64&#039;, os.version: &#039;13.5&#039;, java.version: &#039;17.0.7&#039;
Driver info: io.appium.java_client.ios.IOSDriver
Capabilities {app: cloud:uniqueName=ADIBpicker..., appBuildVersion: , appReleaseVersion: , appiumVersion: 1.8.0, applicationClearData: false, autoAcceptAlerts: false, autoDismissAlerts: false, autoGrantPermissions: false, autoWebview: false, automationName: XCUITest, bundleId: com.adib.mobilebanking, commandTimeouts: 120000, desired: {app: cloud:uniqueName=ADIBpicker..., bundleId: com.adib.mobilebanking, deviceQuery: @os=&#039;ios&#039; and @serialnumber..., instrumentapp: true, platformName: iOS, testName: Quick Start iOS Native Demo}, device.category: PHONE, device.majorVersion: 16, device.manufacture: Apple, device.model: iPhone 8, device.name: internal-002 iPhone 8, device.os: iOS, device.screenSize: 750x1334, device.serialNumber: dd9f1729f3fd00d9d52a0cd9166..., device.version: 16.0.2, deviceQuery: @os=&#039;ios&#039; and @serialnumber..., deviceUDID: dd9f1729f3fd00d9d52a0cd9166..., dontGoHomeOnQuit: false, dontStopAppOnReset: false, ehmPrefixUrl: /agent-4137, ehmUrl: https://internal.experitest..., fullReset: false, gridNodePort: 7781, install.only.for.update: false, installOnlyForUpdate: false, instrumentApp: false, instrumentapp: true, javascriptEnabled: true, keystorePath: ~/.android/debug.keystore, locationServicesAuthorized: false, newSessionWaitTimeout: 600.0, noReset: false, platform: IOS, platformName: iOS, projectName: , reportDirectory: reports, reportFormat: xml, reportTestId: 1573.0, reportUrl: https://internal.experitest..., reservationDuration: 240.0, takeScreenshots: true, test.type: Mobile, testName: Quick Start iOS Native Demo, udid: dd9f1729f3fd00d9d52a0cd9166..., useKeystore: false, waitForDeviceTimeout: 120000.0}
Session ID: CLOUD-SID:2023-08-10_11-24-30-866ea1fd-187b-450a-9f61-6d7647b09dad
*** Element info: {Using=xpath, value=//*[@class=&#039;_UITextLayoutCanvasView&#039;]}" type="org.openqa.selenium.NoSuchElementException">
      <![CDATA[org.openqa.selenium.NoSuchElementException: no such element (An element could not be located on the page using the given search parameters (XPATH='//*[@class='_UITextLayoutCanvasView']'))  (WARNING: The server did not provide any stacktrace information)
Command duration or timeout: 0 milliseconds
For documentation on this error, please visit: http://seleniumhq.org/exceptions/no_such_element.html
Build info: version: '3.12.0', revision: '7c6e0b3', time: '2018-05-08T14:04:26.12Z'
System info: host: 'Achints-MacBook-Pro.local', ip: 'fe80:0:0:0:ee:60ce:11e6:c42e%en0', os.name: 'Mac OS X', os.arch: 'aarch64', os.version: '13.5', java.version: '17.0.7'
Driver info: io.appium.java_client.ios.IOSDriver
Capabilities {app: cloud:uniqueName=ADIBpicker..., appBuildVersion: , appReleaseVersion: , appiumVersion: 1.8.0, applicationClearData: false, autoAcceptAlerts: false, autoDismissAlerts: false, autoGrantPermissions: false, autoWebview: false, automationName: XCUITest, bundleId: com.adib.mobilebanking, commandTimeouts: 120000, desired: {app: cloud:uniqueName=ADIBpicker..., bundleId: com.adib.mobilebanking, deviceQuery: @os='ios' and @serialnumber..., instrumentapp: true, platformName: iOS, testName: Quick Start iOS Native Demo}, device.category: PHONE, device.majorVersion: 16, device.manufacture: Apple, device.model: iPhone 8, device.name: internal-002 iPhone 8, device.os: iOS, device.screenSize: 750x1334, device.serialNumber: dd9f1729f3fd00d9d52a0cd9166..., device.version: 16.0.2, deviceQuery: @os='ios' and @serialnumber..., deviceUDID: dd9f1729f3fd00d9d52a0cd9166..., dontGoHomeOnQuit: false, dontStopAppOnReset: false, ehmPrefixUrl: /agent-4137, ehmUrl: https://internal.experitest..., fullReset: false, gridNodePort: 7781, install.only.for.update: false, installOnlyForUpdate: false, instrumentApp: false, instrumentapp: true, javascriptEnabled: true, keystorePath: ~/.android/debug.keystore, locationServicesAuthorized: false, newSessionWaitTimeout: 600.0, noReset: false, platform: IOS, platformName: iOS, projectName: , reportDirectory: reports, reportFormat: xml, reportTestId: 1573.0, reportUrl: https://internal.experitest..., reservationDuration: 240.0, takeScreenshots: true, test.type: Mobile, testName: Quick Start iOS Native Demo, udid: dd9f1729f3fd00d9d52a0cd9166..., useKeystore: false, waitForDeviceTimeout: 120000.0}
Session ID: CLOUD-SID:2023-08-10_11-24-30-866ea1fd-187b-450a-9f61-6d7647b09dad
*** Element info: {Using=xpath, value=//*[@class='_UITextLayoutCanvasView']}
	at java.base/jdk.internal.reflect.NativeConstructorAccessorImpl.newInstance0(Native Method)
	at java.base/jdk.internal.reflect.NativeConstructorAccessorImpl.newInstance(NativeConstructorAccessorImpl.java:77)
	at java.base/jdk.internal.reflect.DelegatingConstructorAccessorImpl.newInstance(DelegatingConstructorAccessorImpl.java:45)
	at java.base/java.lang.reflect.Constructor.newInstanceWithCaller(Constructor.java:499)
	at java.base/java.lang.reflect.Constructor.newInstance(Constructor.java:480)
	at org.openqa.selenium.remote.ErrorHandler.createThrowable(ErrorHandler.java:214)
	at org.openqa.selenium.remote.ErrorHandler.throwIfResponseFailed(ErrorHandler.java:166)
	at org.openqa.selenium.remote.http.JsonHttpResponseCodec.reconstructValue(JsonHttpResponseCodec.java:40)
	at org.openqa.selenium.remote.http.AbstractHttpResponseCodec.decode(AbstractHttpResponseCodec.java:80)
	at org.openqa.selenium.remote.http.AbstractHttpResponseCodec.decode(AbstractHttpResponseCodec.java:44)
	at org.openqa.selenium.remote.HttpCommandExecutor.execute(HttpCommandExecutor.java:158)
	at io.appium.java_client.remote.AppiumCommandExecutor.execute(AppiumCommandExecutor.java:231)
	at org.openqa.selenium.remote.RemoteWebDriver.execute(RemoteWebDriver.java:543)
	at io.appium.java_client.DefaultGenericMobileDriver.execute(DefaultGenericMobileDriver.java:42)
	at io.appium.java_client.AppiumDriver.execute(AppiumDriver.java:1)
	at io.appium.java_client.ios.IOSDriver.execute(IOSDriver.java:1)
	at org.openqa.selenium.remote.RemoteWebDriver.findElement(RemoteWebDriver.java:317)
	at io.appium.java_client.DefaultGenericMobileDriver.findElement(DefaultGenericMobileDriver.java:62)
	at io.appium.java_client.AppiumDriver.findElement(AppiumDriver.java:1)
	at io.appium.java_client.ios.IOSDriver.findElement(IOSDriver.java:1)
	at org.openqa.selenium.remote.RemoteWebDriver.findElementByXPath(RemoteWebDriver.java:419)
	at io.appium.java_client.DefaultGenericMobileDriver.findElementByXPath(DefaultGenericMobileDriver.java:152)
	at io.appium.java_client.AppiumDriver.findElementByXPath(AppiumDriver.java:1)
	at io.appium.java_client.ios.IOSDriver.findElementByXPath(IOSDriver.java:1)
	at org.openqa.selenium.By$ByXPath.findElement(By.java:353)
	at org.openqa.selenium.remote.RemoteWebDriver.findElement(RemoteWebDriver.java:309)
	at io.appium.java_client.DefaultGenericMobileDriver.findElement(DefaultGenericMobileDriver.java:58)
	at io.appium.java_client.AppiumDriver.findElement(AppiumDriver.java:1)
	at io.appium.java_client.ios.IOSDriver.findElement(IOSDriver.java:1)
	at com.experitest.auto.ADIBPICKERwheelnewapp.quickStartiOSNativeDemo(ADIBPICKERwheelnewapp.java:42)
	at java.base/jdk.internal.reflect.NativeMethodAccessorImpl.invoke0(Native Method)
	at java.base/jdk.internal.reflect.NativeMethodAccessorImpl.invoke(NativeMethodAccessorImpl.java:77)
	at java.base/jdk.internal.reflect.DelegatingMethodAccessorImpl.invoke(DelegatingMethodAccessorImpl.java:43)
	at java.base/java.lang.reflect.Method.invoke(Method.java:568)
	at org.testng.internal.MethodInvocationHelper.invokeMethod(MethodInvocationHelper.java:104)
	at org.testng.internal.Invoker.invokeMethod(Invoker.java:645)
	at org.testng.internal.Invoker.invokeTestMethod(Invoker.java:851)
	at org.testng.internal.Invoker.invokeTestMethods(Invoker.java:1177)
	at org.testng.internal.TestMethodWorker.invokeTestMethods(TestMethodWorker.java:129)
	at org.testng.internal.TestMethodWorker.run(TestMethodWorker.java:112)
	at org.testng.TestRunner.privateRun(TestRunner.java:756)
	at org.testng.TestRunner.run(TestRunner.java:610)
	at org.testng.SuiteRunner.runTest(SuiteRunner.java:387)
	at org.testng.SuiteRunner.runSequentially(SuiteRunner.java:382)
	at org.testng.SuiteRunner.privateRun(SuiteRunner.java:340)
	at org.testng.SuiteRunner.run(SuiteRunner.java:289)
	at org.testng.SuiteRunnerWorker.runSuite(SuiteRunnerWorker.java:52)
	at org.testng.SuiteRunnerWorker.run(SuiteRunnerWorker.java:86)
	at org.testng.TestNG.runSuitesSequentially(TestNG.java:1293)
	at org.testng.TestNG.runSuitesLocally(TestNG.java:1218)
	at org.testng.TestNG.runSuites(TestNG.java:1133)
	at org.testng.TestNG.run(TestNG.java:1104)
	at org.testng.remote.AbstractRemoteTestNG.run(AbstractRemoteTestNG.java:115)
	at org.testng.remote.RemoteTestNG.initAndRun(RemoteTestNG.java:251)
	at org.testng.remote.RemoteTestNG.main(RemoteTestNG.java:77)
]]>
    </error>
  </testcase> <!-- quickStartiOSNativeDemo -->
</testsuite> <!-- com.experitest.auto.ADIBPICKERwheelnewapp -->
