<?xml version="1.0" encoding="UTF-8"?>
<!-- Generated by org.testng.reporters.JUnitReportReporter -->
<testsuite ignored="0" hostname="Achints-MacBook-Pro.local" failures="0" tests="1" name="com.experitest.auto.LocaliOSTest" time="6.708" errors="1" timestamp="23 Jun 2023 11:48:13 GMT" skipped="0">
  <testcase classname="com.experitest.auto.LocaliOSTest" name="quickStartAndroidNativeDemo" time="6.708">
    <error message="An element could not be located on the page using the given search parameters.
For documentation on this error, please visit: http://seleniumhq.org/exceptions/no_such_element.html
Build info: version: &#039;3.12.0&#039;, revision: &#039;7c6e0b3&#039;, time: &#039;2018-05-08T14:04:26.12Z&#039;
System info: host: &#039;Achints-MacBook-Pro.local&#039;, ip: &#039;fe80:0:0:0:101a:6e57:5519:5163%en0&#039;, os.name: &#039;Mac OS X&#039;, os.arch: &#039;aarch64&#039;, os.version: &#039;13.4&#039;, java.version: &#039;17.0.7&#039;
Driver info: io.appium.java_client.android.AndroidDriver
Capabilities {app: , appActivity: .LoginActivity, appPackage: com.experitest.ExperiBank, appiumVersion: 1.22.3, automationName: UiAutomator2, chromedriverExecutableDir: /chromedrivers, cloudViewLink: https://biogen.experitest.c..., databaseEnabled: false, desired: {app: , appActivity: .LoginActivity, appPackage: com.experitest.ExperiBank, appiumVersion: 1.22.3, automationName: UiAutomator2, chromedriverExecutableDir: /chromedrivers, deviceName: auto, deviceQuery: @os=&#039;android&#039; and @version=..., experitest:originalApp: cloud:com.experitest.Experi..., experitest:originalFullReset: false, experitest:originalSkipDeviceInitialization: false, experitestCloudSessionId: CLOUD-SID:2023-06-23_11-47-..., fullReset: false, platformName: Android, platformVersion: 13.0, reportTestId: 22183.0, reportUrl: https://biogen.experitest.c..., skipDeviceInitialization: true, skipServerInstallation: true, testName: Quick Start Android Native ..., udid: RFCN30SGZMM}, deviceApiLevel: 33.0, deviceManufacturer: samsung, deviceModel: SM-G981U1, deviceName: RFCN30SGZMM, deviceQuery: @os=&#039;android&#039; and @version=..., deviceScreenDensity: 480.0, deviceScreenSize: 1080x2400, deviceUDID: RFCN30SGZMM, ehmPrefixUrl: /agent-205363, ehmUrl: https://biogen.experitest.c..., experitest:originalApp: cloud:com.experitest.Experi..., experitest:originalFullReset: false, experitest:originalSkipDeviceInitialization: false, experitestCloudSessionId: CLOUD-SID:2023-06-23_11-47-..., fullReset: false, gridNodePort: 0, javascriptEnabled: true, locationContextEnabled: false, networkConnectionEnabled: true, pixelRatio: 3.0, platform: LINUX, platformName: Android, platformVersion: 13, reportTestId: 22183.0, reportUrl: https://biogen.experitest.c..., skipDeviceInitialization: true, skipServerInstallation: true, statBarHeight: 78.0, takesScreenshot: true, testName: Quick Start Android Native ..., udid: RFCN30SGZMM, viewportRect: {height: 2100.0, left: 0.0, top: 78.0, width: 1080.0}, warnings: {}, webStorageEnabled: false}
Session ID: a152db70-8e7c-470f-bc88-3470a2bd6e82
*** Element info: {Using=id, value=com.experitest.ExperiBank:id/usernameTextField}" type="org.openqa.selenium.NoSuchElementException">
      <![CDATA[org.openqa.selenium.NoSuchElementException: An element could not be located on the page using the given search parameters.
For documentation on this error, please visit: http://seleniumhq.org/exceptions/no_such_element.html
Build info: version: '3.12.0', revision: '7c6e0b3', time: '2018-05-08T14:04:26.12Z'
System info: host: 'Achints-MacBook-Pro.local', ip: 'fe80:0:0:0:101a:6e57:5519:5163%en0', os.name: 'Mac OS X', os.arch: 'aarch64', os.version: '13.4', java.version: '17.0.7'
Driver info: io.appium.java_client.android.AndroidDriver
Capabilities {app: , appActivity: .LoginActivity, appPackage: com.experitest.ExperiBank, appiumVersion: 1.22.3, automationName: UiAutomator2, chromedriverExecutableDir: /chromedrivers, cloudViewLink: https://biogen.experitest.c..., databaseEnabled: false, desired: {app: , appActivity: .LoginActivity, appPackage: com.experitest.ExperiBank, appiumVersion: 1.22.3, automationName: UiAutomator2, chromedriverExecutableDir: /chromedrivers, deviceName: auto, deviceQuery: @os='android' and @version=..., experitest:originalApp: cloud:com.experitest.Experi..., experitest:originalFullReset: false, experitest:originalSkipDeviceInitialization: false, experitestCloudSessionId: CLOUD-SID:2023-06-23_11-47-..., fullReset: false, platformName: Android, platformVersion: 13.0, reportTestId: 22183.0, reportUrl: https://biogen.experitest.c..., skipDeviceInitialization: true, skipServerInstallation: true, testName: Quick Start Android Native ..., udid: RFCN30SGZMM}, deviceApiLevel: 33.0, deviceManufacturer: samsung, deviceModel: SM-G981U1, deviceName: RFCN30SGZMM, deviceQuery: @os='android' and @version=..., deviceScreenDensity: 480.0, deviceScreenSize: 1080x2400, deviceUDID: RFCN30SGZMM, ehmPrefixUrl: /agent-205363, ehmUrl: https://biogen.experitest.c..., experitest:originalApp: cloud:com.experitest.Experi..., experitest:originalFullReset: false, experitest:originalSkipDeviceInitialization: false, experitestCloudSessionId: CLOUD-SID:2023-06-23_11-47-..., fullReset: false, gridNodePort: 0, javascriptEnabled: true, locationContextEnabled: false, networkConnectionEnabled: true, pixelRatio: 3.0, platform: LINUX, platformName: Android, platformVersion: 13, reportTestId: 22183.0, reportUrl: https://biogen.experitest.c..., skipDeviceInitialization: true, skipServerInstallation: true, statBarHeight: 78.0, takesScreenshot: true, testName: Quick Start Android Native ..., udid: RFCN30SGZMM, viewportRect: {height: 2100.0, left: 0.0, top: 78.0, width: 1080.0}, warnings: {}, webStorageEnabled: false}
Session ID: a152db70-8e7c-470f-bc88-3470a2bd6e82
*** Element info: {Using=id, value=com.experitest.ExperiBank:id/usernameTextField}
	at java.base/jdk.internal.reflect.NativeConstructorAccessorImpl.newInstance0(Native Method)
	at java.base/jdk.internal.reflect.NativeConstructorAccessorImpl.newInstance(NativeConstructorAccessorImpl.java:77)
	at java.base/jdk.internal.reflect.DelegatingConstructorAccessorImpl.newInstance(DelegatingConstructorAccessorImpl.java:45)
	at java.base/java.lang.reflect.Constructor.newInstanceWithCaller(Constructor.java:499)
	at java.base/java.lang.reflect.Constructor.newInstance(Constructor.java:480)
	at org.openqa.selenium.remote.http.W3CHttpResponseCodec.createException(W3CHttpResponseCodec.java:187)
	at org.openqa.selenium.remote.http.W3CHttpResponseCodec.decode(W3CHttpResponseCodec.java:122)
	at org.openqa.selenium.remote.http.W3CHttpResponseCodec.decode(W3CHttpResponseCodec.java:49)
	at org.openqa.selenium.remote.HttpCommandExecutor.execute(HttpCommandExecutor.java:158)
	at io.appium.java_client.remote.AppiumCommandExecutor.execute(AppiumCommandExecutor.java:231)
	at org.openqa.selenium.remote.RemoteWebDriver.execute(RemoteWebDriver.java:543)
	at io.appium.java_client.DefaultGenericMobileDriver.execute(DefaultGenericMobileDriver.java:42)
	at io.appium.java_client.AppiumDriver.execute(AppiumDriver.java:1)
	at io.appium.java_client.android.AndroidDriver.execute(AndroidDriver.java:1)
	at org.openqa.selenium.remote.RemoteWebDriver.findElement(RemoteWebDriver.java:317)
	at io.appium.java_client.DefaultGenericMobileDriver.findElement(DefaultGenericMobileDriver.java:62)
	at io.appium.java_client.AppiumDriver.findElement(AppiumDriver.java:1)
	at io.appium.java_client.android.AndroidDriver.findElement(AndroidDriver.java:1)
	at org.openqa.selenium.remote.RemoteWebDriver.findElementById(RemoteWebDriver.java:363)
	at io.appium.java_client.DefaultGenericMobileDriver.findElementById(DefaultGenericMobileDriver.java:70)
	at io.appium.java_client.AppiumDriver.findElementById(AppiumDriver.java:1)
	at io.appium.java_client.android.AndroidDriver.findElementById(AndroidDriver.java:1)
	at org.openqa.selenium.By$ById.findElement(By.java:188)
	at org.openqa.selenium.remote.RemoteWebDriver.findElement(RemoteWebDriver.java:309)
	at io.appium.java_client.DefaultGenericMobileDriver.findElement(DefaultGenericMobileDriver.java:58)
	at io.appium.java_client.AppiumDriver.findElement(AppiumDriver.java:1)
	at io.appium.java_client.android.AndroidDriver.findElement(AndroidDriver.java:1)
	at com.experitest.auto.LocaliOSTest.quickStartAndroidNativeDemo(LocaliOSTest.java:38)
	at java.base/jdk.internal.reflect.NativeMethodAccessorImpl.invoke0(Native Method)
	at java.base/jdk.internal.reflect.NativeMethodAccessorImpl.invoke(NativeMethodAccessorImpl.java:77)
	at java.base/jdk.internal.reflect.DelegatingMethodAccessorImpl.invoke(DelegatingMethodAccessorImpl.java:43)
	at java.base/java.lang.reflect.Method.invoke(Method.java:568)
	at org.testng.internal.MethodInvocationHelper.invokeMethod(MethodInvocationHelper.java:104)
	at org.testng.internal.Invoker.invokeMethod(Invoker.java:645)
	at org.testng.internal.Invoker.invokeTestMethod(Invoker.java:851)
	at org.testng.internal.Invoker.invokeTestMethods(Invoker.java:1177)
	at org.testng.internal.TestMethodWorker.invokeTestMethods(TestMethodWorker.java:129)
	at org.testng.internal.TestMethodWorker.run(TestMethodWorker.java:112)
	at org.testng.TestRunner.privateRun(TestRunner.java:756)
	at org.testng.TestRunner.run(TestRunner.java:610)
	at org.testng.SuiteRunner.runTest(SuiteRunner.java:387)
	at org.testng.SuiteRunner.runSequentially(SuiteRunner.java:382)
	at org.testng.SuiteRunner.privateRun(SuiteRunner.java:340)
	at org.testng.SuiteRunner.run(SuiteRunner.java:289)
	at org.testng.SuiteRunnerWorker.runSuite(SuiteRunnerWorker.java:52)
	at org.testng.SuiteRunnerWorker.run(SuiteRunnerWorker.java:86)
	at org.testng.TestNG.runSuitesSequentially(TestNG.java:1293)
	at org.testng.TestNG.runSuitesLocally(TestNG.java:1218)
	at org.testng.TestNG.runSuites(TestNG.java:1133)
	at org.testng.TestNG.run(TestNG.java:1104)
	at org.testng.remote.AbstractRemoteTestNG.run(AbstractRemoteTestNG.java:115)
	at org.testng.remote.RemoteTestNG.initAndRun(RemoteTestNG.java:251)
	at org.testng.remote.RemoteTestNG.main(RemoteTestNG.java:77)
]]>
    </error>
  </testcase> <!-- quickStartAndroidNativeDemo -->
</testsuite> <!-- com.experitest.auto.LocaliOSTest -->
