<?xml version="1.0" encoding="UTF-8"?>
<!-- Generated by org.testng.reporters.JUnitReportReporter -->
<testsuite ignored="0" hostname="Achints-MacBook-Pro.local" failures="0" tests="1" name="com.experitest.auto.Newtest" time="13.427" errors="1" timestamp="07 Aug 2023 10:25:05 GMT" skipped="0">
  <testcase classname="com.experitest.auto.Newtest" name="generatedMethod" time="13.427">
    <error message="javascript error (javascript error. An unknown server-side error occurred. status=&#039;false&#039;. Failed to complete internal method: &#039;setPickerValues args: [NATIVE, //*[@class=&#039;UIAPicker&#039;], 0, 0, up:1]&#039;, details: Element //*[@class=&#039;UIAPicker&#039;] in zone NATIVE was not found.)  (WARNING: The server did not provide any stacktrace information)
Command duration or timeout: 0 milliseconds
Build info: version: &#039;3.12.0&#039;, revision: &#039;7c6e0b3&#039;, time: &#039;2018-05-08T14:04:26.12Z&#039;
System info: host: &#039;Achints-MacBook-Pro.local&#039;, ip: &#039;fe80:0:0:0:c7f:a8cc:5442:bc9%en0&#039;, os.name: &#039;Mac OS X&#039;, os.arch: &#039;aarch64&#039;, os.version: &#039;13.4.1&#039;, java.version: &#039;17.0.7&#039;
Driver info: io.appium.java_client.ios.IOSDriver
Capabilities {appBuildVersion: , appReleaseVersion: , appiumVersion: 1.8.0, applicationClearData: false, autoAcceptAlerts: false, autoDismissAlerts: false, autoGrantPermissions: false, autoWebview: false, automationName: XCUITest, cloudViewLink: https://adib.experitest.com..., commandTimeouts: 120000, desired: {deviceQuery: @serialnumber=&#039;00008101-000..., platformName: iOS}, device.category: PHONE, device.majorVersion: 16, device.manufacture: Apple, device.model: iPhone 14+, device.name: iPhone 14 Plus Adib-007-R_, device.os: iOS, device.screenSize: 1284x2778, device.serialNumber: 00008110-00094CEA3606401E, device.version: 16.0.2, deviceQuery: @serialnumber=&#039;00008101-000..., deviceUDID: 00008110-00094CEA3606401E, dontGoHomeOnQuit: false, dontStopAppOnReset: false, ehmPrefixUrl: /agent-1998076, ehmUrl: https://adib.experitest.com..., fullReset: false, gridNodePort: 7861, install.only.for.update: false, installOnlyForUpdate: false, instrumentApp: false, javascriptEnabled: true, keystorePath: ~/.android/debug.keystore, locationServicesAuthorized: false, newSessionWaitTimeout: 600.0, noReset: false, platform: IOS, platformName: iOS, projectName: , reportDirectory: reports, reportFormat: xml, reportTestId: 10.0, reportUrl: https://adib.experitest.com..., reservationDuration: 240.0, takeScreenshots: true, test.type: Mobile, testName: mobile test 08/07/23 10:24 am, udid: 00008110-00094CEA3606401E, useKeystore: false, waitForDeviceTimeout: 120000.0}
Session ID: CLOUD-SID:2023-08-07_10-24-18-a52088e1-162c-4bdb-89fc-17b9864dce8f" type="org.openqa.selenium.JavascriptException">
      <![CDATA[org.openqa.selenium.JavascriptException: javascript error (javascript error. An unknown server-side error occurred. status='false'. Failed to complete internal method: 'setPickerValues args: [NATIVE, //*[@class='UIAPicker'], 0, 0, up:1]', details: Element //*[@class='UIAPicker'] in zone NATIVE was not found.)  (WARNING: The server did not provide any stacktrace information)
Command duration or timeout: 0 milliseconds
Build info: version: '3.12.0', revision: '7c6e0b3', time: '2018-05-08T14:04:26.12Z'
System info: host: 'Achints-MacBook-Pro.local', ip: 'fe80:0:0:0:c7f:a8cc:5442:bc9%en0', os.name: 'Mac OS X', os.arch: 'aarch64', os.version: '13.4.1', java.version: '17.0.7'
Driver info: io.appium.java_client.ios.IOSDriver
Capabilities {appBuildVersion: , appReleaseVersion: , appiumVersion: 1.8.0, applicationClearData: false, autoAcceptAlerts: false, autoDismissAlerts: false, autoGrantPermissions: false, autoWebview: false, automationName: XCUITest, cloudViewLink: https://adib.experitest.com..., commandTimeouts: 120000, desired: {deviceQuery: @serialnumber='00008101-000..., platformName: iOS}, device.category: PHONE, device.majorVersion: 16, device.manufacture: Apple, device.model: iPhone 14+, device.name: iPhone 14 Plus Adib-007-R_, device.os: iOS, device.screenSize: 1284x2778, device.serialNumber: 00008110-00094CEA3606401E, device.version: 16.0.2, deviceQuery: @serialnumber='00008101-000..., deviceUDID: 00008110-00094CEA3606401E, dontGoHomeOnQuit: false, dontStopAppOnReset: false, ehmPrefixUrl: /agent-1998076, ehmUrl: https://adib.experitest.com..., fullReset: false, gridNodePort: 7861, install.only.for.update: false, installOnlyForUpdate: false, instrumentApp: false, javascriptEnabled: true, keystorePath: ~/.android/debug.keystore, locationServicesAuthorized: false, newSessionWaitTimeout: 600.0, noReset: false, platform: IOS, platformName: iOS, projectName: , reportDirectory: reports, reportFormat: xml, reportTestId: 10.0, reportUrl: https://adib.experitest.com..., reservationDuration: 240.0, takeScreenshots: true, test.type: Mobile, testName: mobile test 08/07/23 10:24 am, udid: 00008110-00094CEA3606401E, useKeystore: false, waitForDeviceTimeout: 120000.0}
Session ID: CLOUD-SID:2023-08-07_10-24-18-a52088e1-162c-4bdb-89fc-17b9864dce8f
	at java.base/jdk.internal.reflect.NativeConstructorAccessorImpl.newInstance0(Native Method)
	at java.base/jdk.internal.reflect.NativeConstructorAccessorImpl.newInstance(NativeConstructorAccessorImpl.java:77)
	at java.base/jdk.internal.reflect.DelegatingConstructorAccessorImpl.newInstance(DelegatingConstructorAccessorImpl.java:45)
	at java.base/java.lang.reflect.Constructor.newInstanceWithCaller(Constructor.java:499)
	at java.base/java.lang.reflect.Constructor.newInstance(Constructor.java:480)
	at org.openqa.selenium.remote.ErrorHandler.createThrowable(ErrorHandler.java:214)
	at org.openqa.selenium.remote.ErrorHandler.throwIfResponseFailed(ErrorHandler.java:166)
	at org.openqa.selenium.remote.http.JsonHttpResponseCodec.reconstructValue(JsonHttpResponseCodec.java:40)
	at org.openqa.selenium.remote.http.AbstractHttpResponseCodec.decode(AbstractHttpResponseCodec.java:80)
	at org.openqa.selenium.remote.http.AbstractHttpResponseCodec.decode(AbstractHttpResponseCodec.java:44)
	at org.openqa.selenium.remote.HttpCommandExecutor.execute(HttpCommandExecutor.java:158)
	at io.appium.java_client.remote.AppiumCommandExecutor.execute(AppiumCommandExecutor.java:231)
	at org.openqa.selenium.remote.RemoteWebDriver.execute(RemoteWebDriver.java:543)
	at io.appium.java_client.DefaultGenericMobileDriver.execute(DefaultGenericMobileDriver.java:42)
	at io.appium.java_client.AppiumDriver.execute(AppiumDriver.java:1)
	at io.appium.java_client.ios.IOSDriver.execute(IOSDriver.java:1)
	at org.openqa.selenium.remote.RemoteWebDriver.executeScript(RemoteWebDriver.java:480)
	at com.experitest.appium.SeeTestClient.execute(SeeTestClient.java:51)
	at com.experitest.appium.SeeTestClient.execute(SeeTestClient.java:47)
	at com.experitest.appium.SeeTestClient.setPickerValues(SeeTestClient.java:2095)
	at com.experitest.auto.Newtest.generatedMethod(Newtest.java:46)
	at java.base/jdk.internal.reflect.NativeMethodAccessorImpl.invoke0(Native Method)
	at java.base/jdk.internal.reflect.NativeMethodAccessorImpl.invoke(NativeMethodAccessorImpl.java:77)
	at java.base/jdk.internal.reflect.DelegatingMethodAccessorImpl.invoke(DelegatingMethodAccessorImpl.java:43)
	at java.base/java.lang.reflect.Method.invoke(Method.java:568)
	at org.testng.internal.MethodInvocationHelper.invokeMethod(MethodInvocationHelper.java:104)
	at org.testng.internal.Invoker.invokeMethod(Invoker.java:645)
	at org.testng.internal.Invoker.invokeTestMethod(Invoker.java:851)
	at org.testng.internal.Invoker.invokeTestMethods(Invoker.java:1177)
	at org.testng.internal.TestMethodWorker.invokeTestMethods(TestMethodWorker.java:129)
	at org.testng.internal.TestMethodWorker.run(TestMethodWorker.java:112)
	at org.testng.TestRunner.privateRun(TestRunner.java:756)
	at org.testng.TestRunner.run(TestRunner.java:610)
	at org.testng.SuiteRunner.runTest(SuiteRunner.java:387)
	at org.testng.SuiteRunner.runSequentially(SuiteRunner.java:382)
	at org.testng.SuiteRunner.privateRun(SuiteRunner.java:340)
	at org.testng.SuiteRunner.run(SuiteRunner.java:289)
	at org.testng.SuiteRunnerWorker.runSuite(SuiteRunnerWorker.java:52)
	at org.testng.SuiteRunnerWorker.run(SuiteRunnerWorker.java:86)
	at org.testng.TestNG.runSuitesSequentially(TestNG.java:1293)
	at org.testng.TestNG.runSuitesLocally(TestNG.java:1218)
	at org.testng.TestNG.runSuites(TestNG.java:1133)
	at org.testng.TestNG.run(TestNG.java:1104)
	at org.testng.remote.AbstractRemoteTestNG.run(AbstractRemoteTestNG.java:115)
	at org.testng.remote.RemoteTestNG.initAndRun(RemoteTestNG.java:251)
	at org.testng.remote.RemoteTestNG.main(RemoteTestNG.java:77)
]]>
    </error>
  </testcase> <!-- generatedMethod -->
</testsuite> <!-- com.experitest.auto.Newtest -->
